<?xml version="1.0" encoding="UTF-8"?>
<!-- Generated by org.testng.reporters.JUnitReportReporter -->
<testsuite hostname="DESKTOP-TBOL1RV" failures="0" tests="3" name="com.ficusrealtime.runner.BasicRunner" time="17.428" errors="0" timestamp="2022-03-25T16:21:29 IST" skipped="0">
  <testcase classname="com.ficusrealtime.runner.BasicRunner" name="Setup" time="5.805"/>
  <system-out/>
  <testcase classname="com.ficusrealtime.runner.BasicRunner" name="runScenario" time="10.717"/>
  <system-out/>
  <testcase classname="com.ficusrealtime.runner.BasicRunner" name="tearDown" time="0.906"/>
  <system-out/>
</testsuite> <!-- com.ficusrealtime.runner.BasicRunner -->
