<?xml version="1.0" encoding="UTF-8"?>
<!-- Generated by org.testng.reporters.JUnitReportReporter -->
<testsuite hostname="DESKTOP-TBOL1RV" failures="0" tests="1" name="com.ficusrealtime.steps.rest" time="3.224" errors="0" timestamp="2022-03-25T16:21:29 IST" skipped="0">
  <testcase classname="com.ficusrealtime.steps.rest" name="resttest" time="3.224"/>
  <system-out/>
</testsuite> <!-- com.ficusrealtime.steps.rest -->
